<?xml version="1.0" encoding="UTF-8"?>
<!-- Generated by org.testng.reporters.JUnitReportReporter -->
<testsuite hostname="LAPTOP-AS1U2ANL" failures="0" tests="8" name="testCases.AmazonHomePage" time="63.280" errors="0" timestamp="2023-03-19T21:26:49 IST" skipped="0">
  <testcase classname="testCases.AmazonHomePage" name="addProductTocart" time="23.310"/>
  <system-out/>
  <testcase classname="testCases.AmazonHomePage" name="filterSearchResult" time="9.897"/>
  <system-out/>
  <testcase classname="testCases.AmazonHomePage" name="Searchproduct" time="4.051"/>
  <system-out/>
  <testcase classname="testCases.AmazonHomePage" name="loginInTest" time="6.807"/>
  <system-out/>
  <testcase classname="testCases.AmazonHomePage" name="cartProducts" time="1.229"/>
  <system-out/>
  <testcase classname="testCases.AmazonHomePage" name="placeOrder" time="4.441"/>
  <system-out/>
  <testcase classname="testCases.AmazonHomePage" name="addAddress" time="6.933"/>
  <system-out/>
  <testcase classname="testCases.AmazonHomePage" name="paymentOption" time="6.612"/>
  <system-out/>
</testsuite> <!-- testCases.AmazonHomePage -->
